10:51:13.960 [main] DEBUG com.intuit.karate.Suite - [config] classpath:karate-config.js
10:51:16.418 [main] INFO  com.intuit.karate - karate.env system property was: null 
10:51:17.699 [main] DEBUG com.intuit.karate - request:
1 > GET https://jsonplaceholder.typicode.com/users
1 > Host: jsonplaceholder.typicode.com
1 > Connection: Keep-Alive
1 > User-Agent: Apache-HttpClient/4.5.13 (Java/15.0.2)
1 > Accept-Encoding: gzip,deflate


10:51:18.862 [main] DEBUG com.intuit.karate - response time in milliseconds: 1041
1 < 200
1 < Date: Fri, 30 Apr 2021 08:51:18 GMT
1 < Content-Type: application/json; charset=utf-8
1 < Transfer-Encoding: chunked
1 < Connection: keep-alive
1 < X-Powered-By: Express
1 < X-Ratelimit-Limit: 1000
1 < X-Ratelimit-Remaining: 998
1 < X-Ratelimit-Reset: 1619247528
1 < Vary: Origin, Accept-Encoding
1 < Access-Control-Allow-Credentials: true
1 < Cache-Control: max-age=43200
1 < Pragma: no-cache
1 < Expires: -1
1 < X-Content-Type-Options: nosniff
1 < Etag: W/"160d-1eMSsxeJRfnVLRBmYJSbCiJZ1qQ"
1 < Via: 1.1 vegur
1 < CF-Cache-Status: HIT
1 < Age: 6728
1 < cf-request-id: 09c392ba1900009c0900afe000000001
1 < Expect-CT: max-age=604800, report-uri="https://report-uri.cloudflare.com/cdn-cgi/beacon/expect-ct"
1 < Report-To: {"max_age":604800,"endpoints":[{"url":"https:\/\/a.nel.cloudflare.com\/report?s=3chs6uiWTfrHnGnWOZdIMNdbaURV4O092JALZnfwZ1WpfwzUQTYYuFfmX%2BvIv772a9C%2Fn5pO8sp1VYgSxsmTgClW%2FNGVpgtR0U4qarDMybZTSI9RXjri5stLo4vB"}],"group":"cf-nel"}
1 < NEL: {"report_to":"cf-nel","max_age":604800}
1 < Server: cloudflare
1 < CF-RAY: 647f8709cc1f9c09-AMS
1 < alt-svc: h3-27=":443"; ma=86400, h3-28=":443"; ma=86400, h3-29=":443"; ma=86400
1 < Set-Cookie: __cfduid=daf367370033101f64def196b27ed8dab1619772678; Max-Age=1622364678000; Expires=Sun, 08 Jan 53432 07:51:18 GMT; Domain=typicode.com
[{"website":"hildegard.org","address":{"zipcode":"92998-3874","geo":{"lng":"81.1496","lat":"-37.3159"},"suite":"Apt. 556","city":"Gwenborough","street":"Kulas Light"},"phone":"1-770-736-8031 x56442","name":"Leanne Graham","company":{"bs":"harness real-time e-markets","catchPhrase":"Multi-layered client-server neural-net","name":"Romaguera-Crona"},"id":1,"email":"Sincere@april.biz","username":"Bret"},{"website":"anastasia.net","address":{"zipcode":"90566-7771","geo":{"lng":"-34.4618","lat":"-43.9509"},"suite":"Suite 879","city":"Wisokyburgh","street":"Victor Plains"},"phone":"010-692-6593 x09125","name":"Ervin Howell","company":{"bs":"synergize scalable supply-chains","catchPhrase":"Proactive didactic contingency","name":"Deckow-Crist"},"id":2,"email":"Shanna@melissa.tv","username":"Antonette"},{"website":"ramiro.info","address":{"zipcode":"59590-4157","geo":{"lng":"-47.0653","lat":"-68.6102"},"suite":"Suite 847","city":"McKenziehaven","street":"Douglas Extension"},"phone":"1-463-123-4447","name":"Clementine Bauch","company":{"bs":"e-enable strategic applications","catchPhrase":"Face to face bifurcated interface","name":"Romaguera-Jacobson"},"id":3,"email":"Nathan@yesenia.net","username":"Samantha"},{"website":"kale.biz","address":{"zipcode":"53919-4257","geo":{"lng":"-164.2990","lat":"29.4572"},"suite":"Apt. 692","city":"South Elvis","street":"Hoeger Mall"},"phone":"493-170-9623 x156","name":"Patricia Lebsack","company":{"bs":"transition cutting-edge web services","catchPhrase":"Multi-tiered zero tolerance productivity","name":"Robel-Corkery"},"id":4,"email":"Julianne.OConner@kory.org","username":"Karianne"},{"website":"demarco.info","address":{"zipcode":"33263","geo":{"lng":"62.5342","lat":"-31.8129"},"suite":"Suite 351","city":"Roscoeview","street":"Skiles Walks"},"phone":"(254)954-1289","name":"Chelsey Dietrich","company":{"bs":"revolutionize end-to-end systems","catchPhrase":"User-centric fault-tolerant solution","name":"Keebler LLC"},"id":5,"email":"Lucio_Hettinger@annie.ca","username":"Kamren"},{"website":"ola.org","address":{"zipcode":"23505-1337","geo":{"lng":"71.7478","lat":"-71.4197"},"suite":"Apt. 950","city":"South Christy","street":"Norberto Crossing"},"phone":"1-477-935-8478 x6430","name":"Mrs. Dennis Schulist","company":{"bs":"e-enable innovative applications","catchPhrase":"Synchronised bottom-line interface","name":"Considine-Lockman"},"id":6,"email":"Karley_Dach@jasper.info","username":"Leopoldo_Corkery"},{"website":"elvis.io","address":{"zipcode":"58804-1099","geo":{"lng":"21.8984","lat":"24.8918"},"suite":"Suite 280","city":"Howemouth","street":"Rex Trail"},"phone":"210.067.6132","name":"Kurtis Weissnat","company":{"bs":"generate enterprise e-tailers","catchPhrase":"Configurable multimedia task-force","name":"Johns Group"},"id":7,"email":"Telly.Hoeger@billy.biz","username":"Elwyn.Skiles"},{"website":"jacynthe.com","address":{"zipcode":"45169","geo":{"lng":"-120.7677","lat":"-14.3990"},"suite":"Suite 729","city":"Aliyaview","street":"Ellsworth Summit"},"phone":"586.493.6943 x140","name":"Nicholas Runolfsdottir V","company":{"bs":"e-enable extensible e-tailers","catchPhrase":"Implemented secondary concept","name":"Abernathy Group"},"id":8,"email":"Sherwood@rosamond.me","username":"Maxime_Nienow"},{"website":"conrad.com","address":{"zipcode":"76495-3109","geo":{"lng":"-168.8889","lat":"24.6463"},"suite":"Suite 449","city":"Bartholomebury","street":"Dayna Park"},"phone":"(775)976-6794 x41206","name":"Glenna Reichert","company":{"bs":"aggregate real-time technologies","catchPhrase":"Switchable contextually-based project","name":"Yost and Sons"},"id":9,"email":"Chaim_McDermott@dana.io","username":"Delphine"},{"website":"ambrose.net","address":{"zipcode":"31428-2261","geo":{"lng":"57.2232","lat":"-38.2386"},"suite":"Suite 198","city":"Lebsackbury","street":"Kattie Turnpike"},"phone":"024-648-3804","name":"Clementina DuBuque","company":{"bs":"target end-to-end models","catchPhrase":"Centralized empowering task-force","name":"Hoeger LLC"},"id":10,"email":"Rey.Padberg@karina.biz","username":"Moriah.Stanton"}]
10:51:18.895 [main] DEBUG com.intuit.karate - request:
2 > GET https://jsonplaceholder.typicode.com/users/1
2 > Cookie: __cfduid=daf367370033101f64def196b27ed8dab1619772678
2 > Host: jsonplaceholder.typicode.com
2 > Connection: Keep-Alive
2 > User-Agent: Apache-HttpClient/4.5.13 (Java/15.0.2)
2 > Accept-Encoding: gzip,deflate


10:51:18.981 [main] DEBUG com.intuit.karate - response time in milliseconds: 86
2 < 200
2 < Date: Fri, 30 Apr 2021 08:51:18 GMT
2 < Content-Type: application/json; charset=utf-8
2 < Transfer-Encoding: chunked
2 < Connection: keep-alive
2 < X-Powered-By: Express
2 < X-Ratelimit-Limit: 1000
2 < X-Ratelimit-Remaining: 998
2 < X-Ratelimit-Reset: 1619725690
2 < Vary: Origin, Accept-Encoding
2 < Access-Control-Allow-Credentials: true
2 < Cache-Control: max-age=43200
2 < Pragma: no-cache
2 < Expires: -1
2 < X-Content-Type-Options: nosniff
2 < Etag: W/"1fd-+2Y3G3w049iSZtw5t1mzSnunngE"
2 < Via: 1.1 vegur
2 < CF-Cache-Status: HIT
2 < Age: 18079
2 < cf-request-id: 09c392bb3e0000c79d441c8000000001
2 < Expect-CT: max-age=604800, report-uri="https://report-uri.cloudflare.com/cdn-cgi/beacon/expect-ct"
2 < Report-To: {"endpoints":[{"url":"https:\/\/a.nel.cloudflare.com\/report?s=ONey%2BcHu2OiWFzb95%2BcTwwcZnxmYndhqxAS%2BshPhjo6eipoc8GLXwsXKS2q9bDItqSVCTeHTVlv2ueU%2F5I4okzmdxQTGmqONSxjjqUe9VUxBnP2qc8Z22PThtYZU"}],"group":"cf-nel","max_age":604800}
2 < NEL: {"report_to":"cf-nel","max_age":604800}
2 < Server: cloudflare
2 < CF-RAY: 647f870b9c57c79d-AMS
2 < alt-svc: h3-27=":443"; ma=86400, h3-28=":443"; ma=86400, h3-29=":443"; ma=86400
{"website":"hildegard.org","address":{"zipcode":"92998-3874","geo":{"lng":"81.1496","lat":"-37.3159"},"suite":"Apt. 556","city":"Gwenborough","street":"Kulas Light"},"phone":"1-770-736-8031 x56442","name":"Leanne Graham","company":{"bs":"harness real-time e-markets","catchPhrase":"Multi-layered client-server neural-net","name":"Romaguera-Crona"},"id":1,"email":"Sincere@april.biz","username":"Bret"}
10:51:19.002 [main] INFO  com.intuit.karate - karate.env system property was: null 
10:51:19.265 [main] DEBUG com.intuit.karate - request:
1 > POST https://jsonplaceholder.typicode.com/users
1 > Content-Type: application/json; charset=UTF-8
1 > Content-Length: 160
1 > Host: jsonplaceholder.typicode.com
1 > Connection: Keep-Alive
1 > User-Agent: Apache-HttpClient/4.5.13 (Java/15.0.2)
1 > Accept-Encoding: gzip,deflate
{"address":{"zipcode":"54321-6789","suite":"Apt. 123","city":"Electri","street":"Has No Name"},"name":"Test User","email":"test@user.com","username":"testuser"}

10:51:19.585 [main] DEBUG com.intuit.karate - response time in milliseconds: 319
1 < 201
1 < Date: Fri, 30 Apr 2021 08:51:19 GMT
1 < Content-Type: application/json; charset=utf-8
1 < Content-Length: 216
1 < Connection: keep-alive
1 < X-Powered-By: Express
1 < X-Ratelimit-Limit: 1000
1 < X-Ratelimit-Remaining: 999
1 < X-Ratelimit-Reset: 1619772733
1 < Vary: Origin, X-HTTP-Method-Override, Accept-Encoding
1 < Access-Control-Allow-Credentials: true
1 < Cache-Control: no-cache
1 < Pragma: no-cache
1 < Expires: -1
1 < Access-Control-Expose-Headers: Location
1 < Location: http://jsonplaceholder.typicode.com/users/11
1 < X-Content-Type-Options: nosniff
1 < Etag: W/"d8-pYV7+YuMGP2hxHPU9ARrf97ifDA"
1 < Via: 1.1 vegur
1 < CF-Cache-Status: DYNAMIC
1 < cf-request-id: 09c392bcb5000000f465316000000001
1 < Expect-CT: max-age=604800, report-uri="https://report-uri.cloudflare.com/cdn-cgi/beacon/expect-ct"
1 < Report-To: {"group":"cf-nel","max_age":604800,"endpoints":[{"url":"https:\/\/a.nel.cloudflare.com\/report?s=PtjTrRFcX5Uzd3C4whpLRsHYJmjJgnHb%2Fnc85ZQRRFjfLidMJy36yaEr1dIhbGzOIm1DQGUEQvQRLsBPGkgod4NwTx1eTARXqz8uwyeYo0uTu4x5WES1R4YRjub%2B"}]}
1 < NEL: {"max_age":604800,"report_to":"cf-nel"}
1 < Server: cloudflare
1 < CF-RAY: 647f870dec2200f4-AMS
1 < alt-svc: h3-27=":443"; ma=86400, h3-28=":443"; ma=86400, h3-29=":443"; ma=86400
1 < Set-Cookie: __cfduid=dd9117ea97a2eb3e1f34b3586c2670f201619772679; Max-Age=1622364679000; Expires=Sun, 08 Jan 53432 08:07:59 GMT; Domain=typicode.com
{"address":{"zipcode":"54321-6789","suite":"Apt. 123","city":"Electri","street":"Has No Name"},"name":"Test User","id":11,"email":"test@user.com","username":"testuser"}
10:51:19.595 [main] INFO  com.intuit.karate - [print] created id is:  11 
13:10:53.179 [main] DEBUG com.intuit.karate.Suite - [config] classpath:karate-config.js
13:10:55.467 [main] ERROR com.intuit.karate - scenario [run] failed
>>>> js failed:
01: (function fn() {
02:   var env = karate.env; // get system property 'karate.env'
03:   karate.log('karate.env system property was:', env);
04:   if (!env) {
05:     env = 'dev';
06:   }
07:   var config = {
08:     env: env,
09:     myVarName: 'someValue'
10:    	petStoreUrl: 'https://petstore.swagger.io/v2/pet'
11: 
12:   }
13:   if (env == 'dev') {
14:     // customize
15:     // e.g. config.foo = 'bar';
16:     petStoreUrl: 'https://petstore.swagger.io/v2/pet'
17: 
18:   } else if (env == 'e2e') {
19:     // customize
20:     petStoreUrl: 'https://petstore.swagger.io/v2/pet'
21: 
22:   }
23:   return config;
24: })
<<<<
org.graalvm.polyglot.PolyglotException: SyntaxError: Unnamed:10:4 Expected comma but found ident
   	petStoreUrl: 'https://petstore.swagger.io/v2/pet'
   	^
Unnamed:13:2 Expected ) but found if
  if (env == 'dev') {
  ^
Unnamed:18:2 Expected eof but found }
  } else if (env == 'e2e') {
  ^

- org.graalvm.polyglot.Context.eval(Context.java:373)
- com.intuit.karate.graal.JsEngine.evalForValue(JsEngine.java:124)
- com.intuit.karate.graal.JsEngine.eval(JsEngine.java:120)
- com.intuit.karate.core.ScenarioEngine.evalJs(ScenarioEngine.java:1246)
- com.intuit.karate.core.ScenarioRuntime.evalConfigJs(ScenarioRuntime.java:287)
- com.intuit.karate.core.ScenarioRuntime.beforeRun(ScenarioRuntime.java:362)
- com.intuit.karate.core.ScenarioRuntime.run(ScenarioRuntime.java:388)

13:10:55.549 [main] ERROR com.intuit.karate - scenario [run] failed
>>>> js failed:
01: (function fn() {
02:   var env = karate.env; // get system property 'karate.env'
03:   karate.log('karate.env system property was:', env);
04:   if (!env) {
05:     env = 'dev';
06:   }
07:   var config = {
08:     env: env,
09:     myVarName: 'someValue'
10:    	petStoreUrl: 'https://petstore.swagger.io/v2/pet'
11: 
12:   }
13:   if (env == 'dev') {
14:     // customize
15:     // e.g. config.foo = 'bar';
16:     petStoreUrl: 'https://petstore.swagger.io/v2/pet'
17: 
18:   } else if (env == 'e2e') {
19:     // customize
20:     petStoreUrl: 'https://petstore.swagger.io/v2/pet'
21: 
22:   }
23:   return config;
24: })
<<<<
org.graalvm.polyglot.PolyglotException: SyntaxError: Unnamed:10:4 Expected comma but found ident
   	petStoreUrl: 'https://petstore.swagger.io/v2/pet'
   	^
Unnamed:13:2 Expected ) but found if
  if (env == 'dev') {
  ^
Unnamed:18:2 Expected eof but found }
  } else if (env == 'e2e') {
  ^

- org.graalvm.polyglot.Context.eval(Context.java:373)
- com.intuit.karate.graal.JsEngine.evalForValue(JsEngine.java:124)
- com.intuit.karate.graal.JsEngine.eval(JsEngine.java:120)
- com.intuit.karate.core.ScenarioEngine.evalJs(ScenarioEngine.java:1246)
- com.intuit.karate.core.ScenarioRuntime.evalConfigJs(ScenarioRuntime.java:287)
- com.intuit.karate.core.ScenarioRuntime.beforeRun(ScenarioRuntime.java:362)
- com.intuit.karate.core.ScenarioRuntime.run(ScenarioRuntime.java:388)

13:10:55.616 [main] ERROR com.intuit.karate - scenario [run] failed
>>>> js failed:
01: (function fn() {
02:   var env = karate.env; // get system property 'karate.env'
03:   karate.log('karate.env system property was:', env);
04:   if (!env) {
05:     env = 'dev';
06:   }
07:   var config = {
08:     env: env,
09:     myVarName: 'someValue'
10:    	petStoreUrl: 'https://petstore.swagger.io/v2/pet'
11: 
12:   }
13:   if (env == 'dev') {
14:     // customize
15:     // e.g. config.foo = 'bar';
16:     petStoreUrl: 'https://petstore.swagger.io/v2/pet'
17: 
18:   } else if (env == 'e2e') {
19:     // customize
20:     petStoreUrl: 'https://petstore.swagger.io/v2/pet'
21: 
22:   }
23:   return config;
24: })
<<<<
org.graalvm.polyglot.PolyglotException: SyntaxError: Unnamed:10:4 Expected comma but found ident
   	petStoreUrl: 'https://petstore.swagger.io/v2/pet'
   	^
Unnamed:13:2 Expected ) but found if
  if (env == 'dev') {
  ^
Unnamed:18:2 Expected eof but found }
  } else if (env == 'e2e') {
  ^

- org.graalvm.polyglot.Context.eval(Context.java:373)
- com.intuit.karate.graal.JsEngine.evalForValue(JsEngine.java:124)
- com.intuit.karate.graal.JsEngine.eval(JsEngine.java:120)
- com.intuit.karate.core.ScenarioEngine.evalJs(ScenarioEngine.java:1246)
- com.intuit.karate.core.ScenarioRuntime.evalConfigJs(ScenarioRuntime.java:287)
- com.intuit.karate.core.ScenarioRuntime.beforeRun(ScenarioRuntime.java:362)
- com.intuit.karate.core.ScenarioRuntime.run(ScenarioRuntime.java:388)

13:12:18.514 [main] DEBUG com.intuit.karate.Suite - [config] classpath:karate-config.js
13:12:20.961 [main] INFO  com.intuit.karate - karate.env system property was: null 
13:12:22.257 [main] DEBUG com.intuit.karate - request:
1 > POST https://petstore.swagger.io/v2/pet
1 > Content-Type: application/json; charset=UTF-8
1 > Content-Length: 184
1 > Host: petstore.swagger.io
1 > Connection: Keep-Alive
1 > User-Agent: Apache-HttpClient/4.5.13 (Java/15.0.2)
1 > Accept-Encoding: gzip,deflate
{"photoUrls":["https:\/\/giphy.com\/gifs\/puppy-high-five-o22WjU9bIgFWM"],"name":"Charlie","id":1,"category":{"name":"Pug","id":1},"tags":[{"name":"dog1","id":0}],"status":"available"}

13:12:23.492 [main] DEBUG com.intuit.karate - response time in milliseconds: 1232
1 < 200
1 < Date: Fri, 30 Apr 2021 11:12:23 GMT
1 < Content-Type: application/json
1 < Transfer-Encoding: chunked
1 < Connection: keep-alive
1 < Access-Control-Allow-Origin: *
1 < Access-Control-Allow-Methods: GET, POST, DELETE, PUT
1 < Access-Control-Allow-Headers: Content-Type, api_key, Authorization
1 < Server: Jetty(9.2.9.v20150224)
{"photoUrls":["https:\/\/giphy.com\/gifs\/puppy-high-five-o22WjU9bIgFWM"],"name":"Charlie","id":1,"category":{"name":"Pug","id":1},"tags":[{"name":"dog1","id":0}],"status":"available"}
13:12:23.511 [main] INFO  com.intuit.karate - karate.env system property was: null 
13:12:23.516 [main] DEBUG com.intuit.karate - request:
1 > PUT https://petstore.swagger.io/v2/pet
1 > Content-Type: application/json; charset=UTF-8
1 > Content-Length: 192
1 > Host: petstore.swagger.io
1 > Connection: Keep-Alive
1 > User-Agent: Apache-HttpClient/4.5.13 (Java/15.0.2)
1 > Accept-Encoding: gzip,deflate
{"photoUrls":["https:\/\/giphy.com\/gifs\/puppy-high-five-o22WjU9bIgFWM"],"name":"Charlie Chaplin","id":1,"category":{"name":"Pug","id":1},"tags":[{"name":"dog1","id":0}],"status":"available"}

13:12:23.993 [main] DEBUG com.intuit.karate - response time in milliseconds: 477
1 < 200
1 < Date: Fri, 30 Apr 2021 11:12:23 GMT
1 < Content-Type: application/json
1 < Transfer-Encoding: chunked
1 < Connection: keep-alive
1 < Access-Control-Allow-Origin: *
1 < Access-Control-Allow-Methods: GET, POST, DELETE, PUT
1 < Access-Control-Allow-Headers: Content-Type, api_key, Authorization
1 < Server: Jetty(9.2.9.v20150224)
{"photoUrls":["https:\/\/giphy.com\/gifs\/puppy-high-five-o22WjU9bIgFWM"],"name":"Charlie Chaplin","id":1,"category":{"name":"Pug","id":1},"tags":[{"name":"dog1","id":0}],"status":"available"}
13:12:24.023 [main] INFO  com.intuit.karate - karate.env system property was: null 
13:12:24.036 [main] DEBUG com.intuit.karate - request:
1 > GET https://petstore.swagger.io/v2/pet/1
1 > Host: petstore.swagger.io
1 > Connection: Keep-Alive
1 > User-Agent: Apache-HttpClient/4.5.13 (Java/15.0.2)
1 > Accept-Encoding: gzip,deflate


13:12:24.453 [main] DEBUG com.intuit.karate - response time in milliseconds: 417
1 < 200
1 < Date: Fri, 30 Apr 2021 11:12:24 GMT
1 < Content-Type: application/json
1 < Transfer-Encoding: chunked
1 < Connection: keep-alive
1 < Access-Control-Allow-Origin: *
1 < Access-Control-Allow-Methods: GET, POST, DELETE, PUT
1 < Access-Control-Allow-Headers: Content-Type, api_key, Authorization
1 < Server: Jetty(9.2.9.v20150224)
{"photoUrls":["https:\/\/giphy.com\/gifs\/puppy-high-five-o22WjU9bIgFWM"],"name":"Charlie Chaplin","id":1,"category":{"name":"Pug","id":1},"tags":[{"name":"dog1","id":0}],"status":"available"}
13:16:56.465 [main] ERROR com.intuit.karate.core.FeatureParser - not a valid feature file: examples/pet/pets.feature - mismatched input '"' expecting <EOF>
13:17:39.386 [main] ERROR com.intuit.karate.core.FeatureParser - not a valid feature file: examples/pet/pets.feature - mismatched input '"' expecting <EOF>
13:17:59.958 [main] ERROR com.intuit.karate.core.FeatureParser - not a valid feature file: examples/pet/pets.feature - mismatched input '"' expecting <EOF>
13:23:14.753 [main] DEBUG com.intuit.karate.Suite - [config] classpath:karate-config.js
13:23:17.769 [main] INFO  com.intuit.karate - karate.env system property was: null 
13:23:19.342 [main] DEBUG com.intuit.karate - request:
1 > POST https://petstore.swagger.io/v2/pet
1 > Content-Type: application/json; charset=UTF-8
1 > Content-Length: 184
1 > Host: petstore.swagger.io
1 > Connection: Keep-Alive
1 > User-Agent: Apache-HttpClient/4.5.13 (Java/15.0.2)
1 > Accept-Encoding: gzip,deflate
{"photoUrls":["https:\/\/giphy.com\/gifs\/puppy-high-five-o22WjU9bIgFWM"],"name":"Charlie","id":1,"category":{"name":"Pug","id":1},"tags":[{"name":"dog1","id":0}],"status":"available"}

13:23:20.593 [main] DEBUG com.intuit.karate - response time in milliseconds: 1248
1 < 200
1 < Date: Fri, 30 Apr 2021 11:23:20 GMT
1 < Content-Type: application/json
1 < Transfer-Encoding: chunked
1 < Connection: keep-alive
1 < Access-Control-Allow-Origin: *
1 < Access-Control-Allow-Methods: GET, POST, DELETE, PUT
1 < Access-Control-Allow-Headers: Content-Type, api_key, Authorization
1 < Server: Jetty(9.2.9.v20150224)
{"photoUrls":["https:\/\/giphy.com\/gifs\/puppy-high-five-o22WjU9bIgFWM"],"name":"Charlie","id":1,"category":{"name":"Pug","id":1},"tags":[{"name":"dog1","id":0}],"status":"available"}
13:23:20.613 [main] INFO  com.intuit.karate - karate.env system property was: null 
13:23:20.618 [main] DEBUG com.intuit.karate - request:
1 > PUT https://petstore.swagger.io/v2/pet
1 > Content-Type: application/json; charset=UTF-8
1 > Content-Length: 192
1 > Host: petstore.swagger.io
1 > Connection: Keep-Alive
1 > User-Agent: Apache-HttpClient/4.5.13 (Java/15.0.2)
1 > Accept-Encoding: gzip,deflate
{"photoUrls":["https:\/\/giphy.com\/gifs\/puppy-high-five-o22WjU9bIgFWM"],"name":"Charlie Chaplin","id":1,"category":{"name":"Pug","id":1},"tags":[{"name":"dog1","id":0}],"status":"available"}

13:23:21.049 [main] DEBUG com.intuit.karate - response time in milliseconds: 429
1 < 200
1 < Date: Fri, 30 Apr 2021 11:23:21 GMT
1 < Content-Type: application/json
1 < Transfer-Encoding: chunked
1 < Connection: keep-alive
1 < Access-Control-Allow-Origin: *
1 < Access-Control-Allow-Methods: GET, POST, DELETE, PUT
1 < Access-Control-Allow-Headers: Content-Type, api_key, Authorization
1 < Server: Jetty(9.2.9.v20150224)
{"photoUrls":["https:\/\/giphy.com\/gifs\/puppy-high-five-o22WjU9bIgFWM"],"name":"Charlie Chaplin","id":1,"category":{"name":"Pug","id":1},"tags":[{"name":"dog1","id":0}],"status":"available"}
13:23:21.082 [main] INFO  com.intuit.karate - karate.env system property was: null 
13:23:21.096 [main] DEBUG com.intuit.karate - request:
1 > GET https://petstore.swagger.io/v2/pet/1
1 > Host: petstore.swagger.io
1 > Connection: Keep-Alive
1 > User-Agent: Apache-HttpClient/4.5.13 (Java/15.0.2)
1 > Accept-Encoding: gzip,deflate


13:23:21.553 [main] DEBUG com.intuit.karate - response time in milliseconds: 456
1 < 200
1 < Date: Fri, 30 Apr 2021 11:23:21 GMT
1 < Content-Type: application/json
1 < Transfer-Encoding: chunked
1 < Connection: keep-alive
1 < Access-Control-Allow-Origin: *
1 < Access-Control-Allow-Methods: GET, POST, DELETE, PUT
1 < Access-Control-Allow-Headers: Content-Type, api_key, Authorization
1 < Server: Jetty(9.2.9.v20150224)
{"photoUrls":["https:\/\/giphy.com\/gifs\/puppy-high-five-o22WjU9bIgFWM"],"name":"Charlie Chaplin","id":1,"category":{"name":"Pug","id":1},"tags":[{"name":"dog1","id":0}],"status":"available"}
14:38:41.002 [main] DEBUG com.intuit.karate.Suite - [config] classpath:karate-config.js
14:38:43.415 [main] INFO  com.intuit.karate - karate.env system property was: null 
14:38:44.468 [main] DEBUG com.intuit.karate - request:
1 > POST https://petstore.swagger.io/v2/pet
1 > Content-Type: application/json; charset=UTF-8
1 > Content-Length: 184
1 > Host: petstore.swagger.io
1 > Connection: Keep-Alive
1 > User-Agent: Apache-HttpClient/4.5.13 (Java/15.0.2)
1 > Accept-Encoding: gzip,deflate
{"photoUrls":["https:\/\/giphy.com\/gifs\/puppy-high-five-o22WjU9bIgFWM"],"name":"Charlie","id":1,"category":{"name":"Pug","id":1},"tags":[{"name":"dog1","id":0}],"status":"available"}

14:38:45.320 [main] DEBUG com.intuit.karate - response time in milliseconds: 849
1 < 200
1 < Date: Sun, 02 May 2021 12:38:45 GMT
1 < Content-Type: application/json
1 < Transfer-Encoding: chunked
1 < Connection: keep-alive
1 < Access-Control-Allow-Origin: *
1 < Access-Control-Allow-Methods: GET, POST, DELETE, PUT
1 < Access-Control-Allow-Headers: Content-Type, api_key, Authorization
1 < Server: Jetty(9.2.9.v20150224)
{"photoUrls":["https:\/\/giphy.com\/gifs\/puppy-high-five-o22WjU9bIgFWM"],"name":"Charlie","id":1,"category":{"name":"Pug","id":1},"tags":[{"name":"dog1","id":0}],"status":"available"}
14:38:45.356 [main] INFO  com.intuit.karate - karate.env system property was: null 
14:38:45.364 [main] DEBUG com.intuit.karate - request:
1 > PUT https://petstore.swagger.io/v2/pet
1 > Content-Type: application/json; charset=UTF-8
1 > Content-Length: 192
1 > Host: petstore.swagger.io
1 > Connection: Keep-Alive
1 > User-Agent: Apache-HttpClient/4.5.13 (Java/15.0.2)
1 > Accept-Encoding: gzip,deflate
{"photoUrls":["https:\/\/giphy.com\/gifs\/puppy-high-five-o22WjU9bIgFWM"],"name":"Charlie Chaplin","id":1,"category":{"name":"Pug","id":1},"tags":[{"name":"dog1","id":0}],"status":"available"}

14:38:45.863 [main] DEBUG com.intuit.karate - response time in milliseconds: 498
1 < 200
1 < Date: Sun, 02 May 2021 12:38:45 GMT
1 < Content-Type: application/json
1 < Transfer-Encoding: chunked
1 < Connection: keep-alive
1 < Access-Control-Allow-Origin: *
1 < Access-Control-Allow-Methods: GET, POST, DELETE, PUT
1 < Access-Control-Allow-Headers: Content-Type, api_key, Authorization
1 < Server: Jetty(9.2.9.v20150224)
{"photoUrls":["https:\/\/giphy.com\/gifs\/puppy-high-five-o22WjU9bIgFWM"],"name":"Charlie Chaplin","id":1,"category":{"name":"Pug","id":1},"tags":[{"name":"dog1","id":0}],"status":"available"}
14:38:45.903 [main] INFO  com.intuit.karate - karate.env system property was: null 
14:38:45.923 [main] DEBUG com.intuit.karate - request:
1 > GET https://petstore.swagger.io/v2/pet/1
1 > Host: petstore.swagger.io
1 > Connection: Keep-Alive
1 > User-Agent: Apache-HttpClient/4.5.13 (Java/15.0.2)
1 > Accept-Encoding: gzip,deflate


14:38:46.370 [main] DEBUG com.intuit.karate - response time in milliseconds: 446
1 < 200
1 < Date: Sun, 02 May 2021 12:38:46 GMT
1 < Content-Type: application/json
1 < Transfer-Encoding: chunked
1 < Connection: keep-alive
1 < Access-Control-Allow-Origin: *
1 < Access-Control-Allow-Methods: GET, POST, DELETE, PUT
1 < Access-Control-Allow-Headers: Content-Type, api_key, Authorization
1 < Server: Jetty(9.2.9.v20150224)
{"photoUrls":["https:\/\/giphy.com\/gifs\/puppy-high-five-o22WjU9bIgFWM"],"name":"Charlie Chaplin","id":1,"category":{"name":"Pug","id":1},"tags":[{"name":"dog1","id":0}],"status":"available"}
14:39:43.815 [main] DEBUG com.intuit.karate.Suite - [config] classpath:karate-config.js
14:39:46.688 [main] INFO  com.intuit.karate - karate.env system property was: null 
14:39:47.880 [main] DEBUG com.intuit.karate - request:
1 > POST https://petstore.swagger.io/v2/pet
1 > Content-Type: application/json; charset=UTF-8
1 > Content-Length: 184
1 > Host: petstore.swagger.io
1 > Connection: Keep-Alive
1 > User-Agent: Apache-HttpClient/4.5.13 (Java/15.0.2)
1 > Accept-Encoding: gzip,deflate
{"photoUrls":["https:\/\/giphy.com\/gifs\/puppy-high-five-o22WjU9bIgFWM"],"name":"Charlie","id":1,"category":{"name":"Pug","id":1},"tags":[{"name":"dog1","id":0}],"status":"available"}

14:39:48.782 [main] DEBUG com.intuit.karate - response time in milliseconds: 898
1 < 200
1 < Date: Sun, 02 May 2021 12:39:48 GMT
1 < Content-Type: application/json
1 < Transfer-Encoding: chunked
1 < Connection: keep-alive
1 < Access-Control-Allow-Origin: *
1 < Access-Control-Allow-Methods: GET, POST, DELETE, PUT
1 < Access-Control-Allow-Headers: Content-Type, api_key, Authorization
1 < Server: Jetty(9.2.9.v20150224)
{"photoUrls":["https:\/\/giphy.com\/gifs\/puppy-high-five-o22WjU9bIgFWM"],"name":"Charlie","id":1,"category":{"name":"Pug","id":1},"tags":[{"name":"dog1","id":0}],"status":"available"}
14:39:48.868 [main] INFO  com.intuit.karate - karate.env system property was: null 
14:39:48.878 [main] DEBUG com.intuit.karate - request:
1 > PUT https://petstore.swagger.io/v2/pet
1 > Content-Type: application/json; charset=UTF-8
1 > Content-Length: 192
1 > Host: petstore.swagger.io
1 > Connection: Keep-Alive
1 > User-Agent: Apache-HttpClient/4.5.13 (Java/15.0.2)
1 > Accept-Encoding: gzip,deflate
{"photoUrls":["https:\/\/giphy.com\/gifs\/puppy-high-five-o22WjU9bIgFWM"],"name":"Charlie Chaplin","id":1,"category":{"name":"Pug","id":1},"tags":[{"name":"dog1","id":0}],"status":"available"}

14:39:49.352 [main] DEBUG com.intuit.karate - response time in milliseconds: 474
1 < 200
1 < Date: Sun, 02 May 2021 12:39:49 GMT
1 < Content-Type: application/json
1 < Transfer-Encoding: chunked
1 < Connection: keep-alive
1 < Access-Control-Allow-Origin: *
1 < Access-Control-Allow-Methods: GET, POST, DELETE, PUT
1 < Access-Control-Allow-Headers: Content-Type, api_key, Authorization
1 < Server: Jetty(9.2.9.v20150224)
{"photoUrls":["https:\/\/giphy.com\/gifs\/puppy-high-five-o22WjU9bIgFWM"],"name":"Charlie Chaplin","id":1,"category":{"name":"Pug","id":1},"tags":[{"name":"dog1","id":0}],"status":"available"}
14:39:49.407 [main] INFO  com.intuit.karate - karate.env system property was: null 
14:39:49.436 [main] DEBUG com.intuit.karate - request:
1 > GET https://petstore.swagger.io/v2/pet/1
1 > Host: petstore.swagger.io
1 > Connection: Keep-Alive
1 > User-Agent: Apache-HttpClient/4.5.13 (Java/15.0.2)
1 > Accept-Encoding: gzip,deflate


14:39:49.883 [main] DEBUG com.intuit.karate - response time in milliseconds: 446
1 < 200
1 < Date: Sun, 02 May 2021 12:39:49 GMT
1 < Content-Type: application/json
1 < Transfer-Encoding: chunked
1 < Connection: keep-alive
1 < Access-Control-Allow-Origin: *
1 < Access-Control-Allow-Methods: GET, POST, DELETE, PUT
1 < Access-Control-Allow-Headers: Content-Type, api_key, Authorization
1 < Server: Jetty(9.2.9.v20150224)
{"photoUrls":["https:\/\/giphy.com\/gifs\/puppy-high-five-o22WjU9bIgFWM"],"name":"Charlie Chaplin","id":1,"category":{"name":"Pug","id":1},"tags":[{"name":"dog1","id":0}],"status":"available"}
